node:events:496
      throw er; // Unhandled 'error' event
      ^

Error: listen EADDRINUSE: address already in use :::3001
    at Server.setupListenHandle [as _listen2] (node:net:1939:16)
    at listenInCluster (node:net:1996:12)
    at Server.listen (node:net:2101:7)
    at Function.listen (F:\BCIT\BCIT\Year_2_Semester_2\COMP4537-InternetSoftwareArchitechture\TermProject\server\node_modules\express\lib\application.js:635:24)
    at Object.<anonymous> (F:\BCIT\BCIT\Year_2_Semester_2\COMP4537-InternetSoftwareArchitechture\TermProject\server\server.js:26:5)
    at Module._compile (node:internal/modules/cjs/loader:1730:14)
    at Object..js (node:internal/modules/cjs/loader:1895:10)
    at Module.load (node:internal/modules/cjs/loader:1465:32)
    at Function._load (node:internal/modules/cjs/loader:1282:12)
    at TracingChannel.traceSync (node:diagnostics_channel:322:14)
Emitted 'error' event on Server instance at:
    at emitErrorNT (node:net:1975:8)
    at process.processTicksAndRejections (node:internal/process/task_queues:90:21) {
  code: 'EADDRINUSE',
  errno: -4091,
  syscall: 'listen',
  address: '::',
  port: 3001
}

Node.js v22.15.0
Server running on port 3001
MongoDB connected: ac-xer7su3-shard-00-01.8oginvi.mongodb.net
Server running on port 3001
MongoDB connected: ac-xer7su3-shard-00-01.8oginvi.mongodb.net
Server running on port 3001
MongoDB connected: ac-xer7su3-shard-00-02.8oginvi.mongodb.net
node:events:496
      throw er; // Unhandled 'error' event
      ^

Error: listen EADDRINUSE: address already in use :::3001
    at Server.setupListenHandle [as _listen2] (node:net:1939:16)
    at listenInCluster (node:net:1996:12)
    at Server.listen (node:net:2101:7)
    at Function.listen (F:\BCIT\BCIT\Year_2_Semester_2\COMP4537-InternetSoftwareArchitechture\TermProject\server\node_modules\express\lib\application.js:635:24)
    at Object.<anonymous> (F:\BCIT\BCIT\Year_2_Semester_2\COMP4537-InternetSoftwareArchitechture\TermProject\server\server.js:27:5)
    at Module._compile (node:internal/modules/cjs/loader:1730:14)
    at Object..js (node:internal/modules/cjs/loader:1895:10)
    at Module.load (node:internal/modules/cjs/loader:1465:32)
    at Function._load (node:internal/modules/cjs/loader:1282:12)
    at TracingChannel.traceSync (node:diagnostics_channel:322:14)
Emitted 'error' event on Server instance at:
    at emitErrorNT (node:net:1975:8)
    at process.processTicksAndRejections (node:internal/process/task_queues:90:21) {
  code: 'EADDRINUSE',
  errno: -4091,
  syscall: 'listen',
  address: '::',
  port: 3001
}

Node.js v22.15.0
Server running on port 3001
MongoDB connected: ac-xer7su3-shard-00-00.8oginvi.mongodb.net
Server running on port 3001
MongoDB connected: ac-xer7su3-shard-00-01.8oginvi.mongodb.net
